<?xml version="1.0" encoding="UTF-8"?>
<testng-results skipped="0" failed="1" ignored="0" total="2" passed="1">
  <reporter-output>
  </reporter-output>
  <suite name="Default suite" duration-ms="24352" started-at="2018-07-12T11:42:03Z" finished-at="2018-07-12T11:42:27Z">
    <groups>
    </groups>
    <test name="Default test" duration-ms="24352" started-at="2018-07-12T11:42:03Z" finished-at="2018-07-12T11:42:27Z">
      <class name="Tests.Sprint1USTest">
        <test-method status="PASS" signature="setUp()[pri:0, instance:Tests.Sprint1USTest@1e8284b]" name="setUp" is-config="true" duration-ms="6446" started-at="2018-07-12T11:42:03Z" finished-at="2018-07-12T11:42:09Z">
          <reporter-output>
          </reporter-output>
        </test-method> <!-- setUp -->
        <test-method status="FAIL" signature="verifySeoModuleConfiguration()[pri:0, instance:Tests.Sprint1USTest@1e8284b]" name="verifySeoModuleConfiguration" duration-ms="14636" started-at="2018-07-12T11:42:09Z" description="Verify SEO module is installed and configured in the website" finished-at="2018-07-12T11:42:24Z">
          <exception class="java.lang.AssertionError">
            <message>
              <![CDATA[SEO Meta pop up closed expected [true] but found [false]]]>
            </message>
            <full-stacktrace>
              <![CDATA[java.lang.AssertionError: SEO Meta pop up closed expected [true] but found [false]
at org.testng.Assert.fail(Assert.java:96)
at org.testng.Assert.failNotEquals(Assert.java:776)
at org.testng.Assert.assertEqualsImpl(Assert.java:137)
at org.testng.Assert.assertEquals(Assert.java:118)
at org.testng.Assert.assertEquals(Assert.java:568)
at Tests.Sprint1USTest.verifySeoModuleConfiguration(Sprint1USTest.java:43)
at sun.reflect.NativeMethodAccessorImpl.invoke0(Native Method)
at sun.reflect.NativeMethodAccessorImpl.invoke(Unknown Source)
at sun.reflect.DelegatingMethodAccessorImpl.invoke(Unknown Source)
at java.lang.reflect.Method.invoke(Unknown Source)
at org.testng.internal.MethodInvocationHelper.invokeMethod(MethodInvocationHelper.java:124)
at org.testng.internal.Invoker.invokeMethod(Invoker.java:580)
at org.testng.internal.Invoker.invokeTestMethod(Invoker.java:716)
at org.testng.internal.Invoker.invokeTestMethods(Invoker.java:988)
at org.testng.internal.TestMethodWorker.invokeTestMethods(TestMethodWorker.java:125)
at org.testng.internal.TestMethodWorker.run(TestMethodWorker.java:109)
at org.testng.TestRunner.privateRun(TestRunner.java:648)
at org.testng.TestRunner.run(TestRunner.java:505)
at org.testng.SuiteRunner.runTest(SuiteRunner.java:455)
at org.testng.SuiteRunner.runSequentially(SuiteRunner.java:450)
at org.testng.SuiteRunner.privateRun(SuiteRunner.java:415)
at org.testng.SuiteRunner.run(SuiteRunner.java:364)
at org.testng.SuiteRunnerWorker.runSuite(SuiteRunnerWorker.java:52)
at org.testng.SuiteRunnerWorker.run(SuiteRunnerWorker.java:84)
at org.testng.TestNG.runSuitesSequentially(TestNG.java:1208)
at org.testng.TestNG.runSuitesLocally(TestNG.java:1137)
at org.testng.TestNG.runSuites(TestNG.java:1049)
at org.testng.TestNG.run(TestNG.java:1017)
at org.testng.remote.AbstractRemoteTestNG.run(AbstractRemoteTestNG.java:114)
at org.testng.remote.RemoteTestNG.initAndRun(RemoteTestNG.java:251)
at org.testng.remote.RemoteTestNG.main(RemoteTestNG.java:77)
]]>
            </full-stacktrace>
          </exception> <!-- java.lang.AssertionError -->
          <reporter-output>
          </reporter-output>
        </test-method> <!-- verifySeoModuleConfiguration -->
        <test-method status="PASS" signature="verifySeoModuleValidation()[pri:0, instance:Tests.Sprint1USTest@1e8284b]" name="verifySeoModuleValidation" duration-ms="2089" started-at="2018-07-12T11:42:24Z" description="Verify SEO module is installed and configured in the website" finished-at="2018-07-12T11:42:26Z">
          <reporter-output>
          </reporter-output>
        </test-method> <!-- verifySeoModuleValidation -->
        <test-method status="PASS" signature="tearDown()[pri:0, instance:Tests.Sprint1USTest@1e8284b]" name="tearDown" is-config="true" duration-ms="1148" started-at="2018-07-12T11:42:26Z" finished-at="2018-07-12T11:42:27Z">
          <reporter-output>
          </reporter-output>
        </test-method> <!-- tearDown -->
      </class> <!-- Tests.Sprint1USTest -->
    </test> <!-- Default test -->
  </suite> <!-- Default suite -->
</testng-results>
